This is pdfTeX, Version 3.14159265-2.6-1.40.19 (TeX Live 2018) (preloaded format=pdflatex 2018.4.16)  30 DEC 2018 18:16
entering extended mode
 restricted \write18 enabled.
 %&-line parsing enabled.
**bizcard-1.tex
(./bizcard-1.tex
LaTeX2e <2018-04-01> patch level 2
Babel <3.18> and hyphenation patterns for 84 language(s) loaded.
(/usr/local/texlive/2018/texmf-dist/tex/latex/flashcards/flashcards.cls
Document Class: flashcards 2010/08/13 1.0.1 (matthew@debian.org)
(/usr/local/texlive/2018/texmf-dist/tex/latex/base/ifthen.sty
Package: ifthen 2014/09/29 v1.1c Standard LaTeX ifthen package (DPC)
)
(/usr/local/texlive/2018/texmf-dist/tex/latex/base/article.cls
Document Class: article 2014/09/29 v1.4h Standard LaTeX document class
(/usr/local/texlive/2018/texmf-dist/tex/latex/base/size10.clo
File: size10.clo 2014/09/29 v1.4h Standard LaTeX file (size option)
)
\c@part=\count80
\c@section=\count81
\c@subsection=\count82
\c@subsubsection=\count83
\c@paragraph=\count84
\c@subparagraph=\count85
\c@figure=\count86
\c@table=\count87
\abovecaptionskip=\skip41
\belowcaptionskip=\skip42
\bibindent=\dimen102
)
\cardheight=\skip43
\cardwidth=\skip44
\topoffset=\skip45
\oddoffset=\skip46
\evenoffset=\skip47
\oddevenshift=\skip48
\cardmargin=\skip49
\cardinnerheight=\skip50
\cardinnerwidth=\skip51

(/usr/local/texlive/2018/texmf-dist/tex/latex/flashcards/avery5371.cfg
File: avery5371.cfg 
)
(/usr/local/texlive/2018/texmf-dist/tex/latex/geometry/geometry.sty
Package: geometry 2018/03/24 v5.7 Page Geometry

(/usr/local/texlive/2018/texmf-dist/tex/latex/graphics/keyval.sty
Package: keyval 2014/10/28 v1.15 key=value parser (DPC)
\KV@toks@=\toks14
)
(/usr/local/texlive/2018/texmf-dist/tex/generic/oberdiek/ifpdf.sty
Package: ifpdf 2017/03/15 v3.2 Provides the ifpdf switch
)
(/usr/local/texlive/2018/texmf-dist/tex/generic/oberdiek/ifvtex.sty
Package: ifvtex 2016/05/16 v1.6 Detect VTeX and its facilities (HO)
Package ifvtex Info: VTeX not detected.
)
(/usr/local/texlive/2018/texmf-dist/tex/generic/ifxetex/ifxetex.sty
Package: ifxetex 2010/09/12 v0.6 Provides ifxetex conditional
)
\Gm@cnth=\count88
\Gm@cntv=\count89
\c@Gm@tempcnt=\count90
\Gm@bindingoffset=\dimen103
\Gm@wd@mp=\dimen104
\Gm@odd@mp=\dimen105
\Gm@even@mp=\dimen106
\Gm@layoutwidth=\dimen107
\Gm@layoutheight=\dimen108
\Gm@layouthoffset=\dimen109
\Gm@layoutvoffset=\dimen110
\Gm@dimlist=\toks15
)
\c@flashcards@row=\count91
\c@flashcards@col=\count92
\flashcardFrontRiCi=\box26
\flashcardBackRiCi=\box27
\flashcardFrontRiCii=\box28
\flashcardBackRiCii=\box29
\flashcardFrontRiiCi=\box30
\flashcardBackRiiCi=\box31
\flashcardFrontRiiCii=\box32
\flashcardBackRiiCii=\box33
\flashcardFrontRiiiCi=\box34
\flashcardBackRiiiCi=\box35
\flashcardFrontRiiiCii=\box36
\flashcardBackRiiiCii=\box37
\flashcardFrontRivCi=\box38
\flashcardBackRivCi=\box39
\flashcardFrontRivCii=\box40
\flashcardBackRivCii=\box41
\flashcardFrontRvCi=\box42
\flashcardBackRvCi=\box43
\flashcardFrontRvCii=\box44
\flashcardBackRvCii=\box45
\flashcards@savelineskip=\skip52
)
(./bizcard-1.aux)
\openout1 = `bizcard-1.aux'.

LaTeX Font Info:    Checking defaults for OML/cmm/m/it on input line 16.
LaTeX Font Info:    ... okay on input line 16.
LaTeX Font Info:    Checking defaults for T1/cmr/m/n on input line 16.
LaTeX Font Info:    ... okay on input line 16.
LaTeX Font Info:    Checking defaults for OT1/cmr/m/n on input line 16.
LaTeX Font Info:    ... okay on input line 16.
LaTeX Font Info:    Checking defaults for OMS/cmsy/m/n on input line 16.
LaTeX Font Info:    ... okay on input line 16.
LaTeX Font Info:    Checking defaults for OMX/cmex/m/n on input line 16.
LaTeX Font Info:    ... okay on input line 16.
LaTeX Font Info:    Checking defaults for U/cmr/m/n on input line 16.
LaTeX Font Info:    ... okay on input line 16.

*geometry* driver: auto-detecting
*geometry* detected driver: pdftex
*geometry* verbose mode - [ preamble ] result:
* driver: pdftex
* paper: letterpaper
* layout: <same size as paper>
* layoutoffset:(h,v)=(0.0pt,0.0pt)
* modes: 
* h-part:(L,W,R)=(54.2025pt, 505.89pt, 54.2025pt)
* v-part:(T,H,B)=(36.135pt, 758.83499pt, 0.0pt)
* \paperwidth=614.295pt
* \paperheight=794.96999pt
* \textwidth=505.89pt
* \textheight=758.83499pt
* \oddsidemargin=-18.06749pt
* \evensidemargin=-18.06749pt
* \topmargin=-36.135pt
* \headheight=0.0pt
* \headsep=0.0pt
* \topskip=10.0pt
* \footskip=0.0pt
* \marginparwidth=65.0pt
* \marginparsep=11.0pt
* \columnsep=10.0pt
* \skip\footins=9.0pt plus 4.0pt minus 2.0pt
* \hoffset=0.0pt
* \voffset=0.0pt
* \mag=1000
* \@twocolumnfalse
* \@twosidefalse
* \@mparswitchfalse
* \@reversemarginfalse
* (1in=72.27pt=25.4mm, 1cm=28.453pt)

LaTeX Font Info:    Try loading font information for OT1+lmtt on input line 20.

(/usr/local/texlive/2018/texmf-dist/tex/latex/lm/ot1lmtt.fd
File: ot1lmtt.fd 2009/10/30 v1.6 Font defs for Latin Modern
)
LaTeX Font Info:    Font shape `OT1/lmtt/bx/sl' in size <24.88> not available
(Font)              Font shape `OT1/lmtt/b/sl' tried instead on input line 20.
LaTeX Font Info:    Font shape `OT1/lmtt/bx/n' in size <10> not available
(Font)              Font shape `OT1/lmtt/b/n' tried instead on input line 22.
LaTeX Font Info:    Font shape `OT1/lmtt/bx/n' in size <5> not available
(Font)              Font shape `OT1/lmtt/b/n' tried instead on input line 22.
LaTeX Font Info:    Try loading font information for OMS+lmtt on input line 24.

LaTeX Font Info:    No file OMSlmtt.fd. on input line 24.


LaTeX Font Warning: Font shape `OMS/lmtt/m/n' undefined
(Font)              using `OMS/cmsy/m/n' instead
(Font)              for symbol `textbullet' on input line 24.


Underfull \hbox (badness 10000) in paragraph at lines 26--27
[]\OT1/lmtt/m/n/10 die Milch ist alle the milk's all gone,
 []


Underfull \hbox (badness 10000) in paragraph at lines 27--28
[]\OT1/lmtt/m/n/10 etw/jdn alle machen inf to finish
 []


Underfull \hbox (badness 10000) in paragraph at lines 29--30
[]\OT1/lmtt/m/n/10 alle werden to be finished, (Vorr[]ate
 []

LaTeX Font Info:    External font `cmex10' loaded for size
(Font)              <12> on input line 37.
LaTeX Font Info:    External font `cmex10' loaded for size
(Font)              <8> on input line 37.
LaTeX Font Info:    External font `cmex10' loaded for size
(Font)              <6> on input line 37.

Underfull \hbox (badness 4819) in paragraph at lines 37--40
\OT1/cmr/m/n/12 source code are li-censed un-der a Cre-
 []


Underfull \hbox (badness 4819) in paragraph at lines 48--51
\OT1/cmr/m/n/12 source code are li-censed un-der a Cre-
 []


Underfull \hbox (badness 4819) in paragraph at lines 59--62
\OT1/cmr/m/n/12 source code are li-censed un-der a Cre-
 []


Underfull \hbox (badness 4819) in paragraph at lines 70--73
\OT1/cmr/m/n/12 source code are li-censed un-der a Cre-
 []


Underfull \hbox (badness 4819) in paragraph at lines 81--84
\OT1/cmr/m/n/12 source code are li-censed un-der a Cre-
 []


Underfull \hbox (badness 4819) in paragraph at lines 92--95
\OT1/cmr/m/n/12 source code are li-censed un-der a Cre-
 []


Underfull \hbox (badness 4819) in paragraph at lines 103--106
\OT1/cmr/m/n/12 source code are li-censed un-der a Cre-
 []


Underfull \hbox (badness 4819) in paragraph at lines 114--117
\OT1/cmr/m/n/12 source code are li-censed un-der a Cre-
 []


Underfull \hbox (badness 4819) in paragraph at lines 125--128
\OT1/cmr/m/n/12 source code are li-censed un-der a Cre-
 []

[1

{/usr/local/texlive/2018/texmf-var/fonts/map/pdftex/updmap/pdftex.map}]
[2

] (./bizcard-1.aux)

LaTeX Font Warning: Some font shapes were not available, defaults substituted.

 ) 
Here is how much of TeX's memory you used:
 979 strings out of 492649
 14221 string characters out of 6129622
 93251 words of memory out of 5000000
 4896 multiletter control sequences out of 15000+600000
 9716 words of font info for 34 fonts, out of 8000000 for 9000
 1141 hyphenation exceptions out of 8191
 30i,7n,21p,183b,360s stack positions out of 5000i,500n,10000p,200000b,80000s
{/usr/local/texlive/2018/texmf-dist/fonts/enc/dvips/lm/lm-rmtt.enc}</usr/loca
l/texlive/2018/texmf-dist/fonts/type1/public/amsfonts/cm/cmcsc10.pfb></usr/loca
l/texlive/2018/texmf-dist/fonts/type1/public/amsfonts/cm/cmr12.pfb></usr/local/
texlive/2018/texmf-dist/fonts/type1/public/amsfonts/cm/cmr8.pfb></usr/local/tex
live/2018/texmf-dist/fonts/type1/public/amsfonts/cm/cmsl12.pfb></usr/local/texl
ive/2018/texmf-dist/fonts/type1/public/amsfonts/cm/cmsy10.pfb></usr/local/texli
ve/2018/texmf-dist/fonts/type1/public/amsfonts/cm/cmtt9.pfb></usr/local/texlive
/2018/texmf-dist/fonts/type1/public/lm/lmtko10.pfb></usr/local/texlive/2018/tex
mf-dist/fonts/type1/public/lm/lmtt10.pfb></usr/local/texlive/2018/texmf-dist/fo
nts/type1/public/lm/lmtto10.pfb>
Output written on bizcard-1.pdf (2 pages, 129775 bytes).
PDF statistics:
 48 PDF objects out of 1000 (max. 8388607)
 34 compressed objects within 1 object stream
 0 named destinations out of 1000 (max. 500000)
 1 words of extra memory for PDF output out of 10000 (max. 10000000)

